{
  "stats": {
    "suites": 1,
    "tests": 1,
    "passes": 1,
    "pending": 0,
    "failures": 0,
    "start": "2025-07-10T06:03:49.878Z",
    "end": "2025-07-10T06:04:17.071Z",
    "duration": 27193,
    "testsRegistered": 1,
    "passPercent": 100,
    "pendingPercent": 0,
    "other": 0,
    "hasOther": false,
    "skipped": 0,
    "hasSkipped": false
  },
  "results": [
    {
      "uuid": "93d1d560-a148-4755-8110-9dc5fc8e0699",
      "title": "",
      "fullFile": "cypress\\e2e\\smoke\\login.cy.js",
      "file": "cypress\\e2e\\smoke\\login.cy.js",
      "beforeHooks": [],
      "afterHooks": [],
      "tests": [],
      "suites": [
        {
          "uuid": "81e0a0cd-8c49-4b72-a9e4-224f7ac02f99",
          "title": "Login Flow - Smoke",
          "fullFile": "",
          "file": "",
          "beforeHooks": [],
          "afterHooks": [],
          "tests": [
            {
              "title": "User can log in successfully",
              "fullTitle": "Login Flow - Smoke User can log in successfully",
              "timedOut": null,
              "duration": 27065,
              "state": "passed",
              "speed": "slow",
              "pass": true,
              "fail": false,
              "pending": false,
              "context": null,
              "code": "const email = 'test34@yopmail.com';\nconst password = 'password123';\nloginPage.visit();\nloginPage.fillForm(email, password);\nloginPage.submit();\ncy.wait(15000);\ncy.get('[data-testid=\"home\"]').should('be.visible');",
              "err": {},
              "uuid": "3d4707d5-0b55-49bb-8eec-c699df75a40f",
              "parentUUID": "81e0a0cd-8c49-4b72-a9e4-224f7ac02f99",
              "isHook": false,
              "skipped": false
            }
          ],
          "suites": [],
          "passes": [
            "3d4707d5-0b55-49bb-8eec-c699df75a40f"
          ],
          "failures": [],
          "pending": [],
          "skipped": [],
          "duration": 27065,
          "root": false,
          "rootEmpty": false,
          "_timeout": 2000
        }
      ],
      "passes": [],
      "failures": [],
      "pending": [],
      "skipped": [],
      "duration": 0,
      "root": true,
      "rootEmpty": true,
      "_timeout": 2000
    }
  ],
  "meta": {
    "mocha": {
      "version": "7.2.0"
    },
    "mochawesome": {
      "options": {
        "quiet": false,
        "reportFilename": "mochawesome",
        "saveHtml": true,
        "saveJson": true,
        "consoleReporter": "spec",
        "useInlineDiffs": false,
        "code": true
      },
      "version": "7.1.3"
    },
    "marge": {
      "options": {
        "reportDir": "cypress/reports",
        "overwrite": false,
        "html": true,
        "json": true
      },
      "version": "6.2.0"
    }
  }
}