{
  "stats": {
    "suites": 1,
    "tests": 1,
    "passes": 0,
    "pending": 0,
    "failures": 1,
    "start": "2025-07-09T15:22:56.226Z",
    "end": "2025-07-09T15:23:38.899Z",
    "duration": 42673,
    "testsRegistered": 1,
    "passPercent": 0,
    "pendingPercent": 0,
    "other": 0,
    "hasOther": false,
    "skipped": 0,
    "hasSkipped": false
  },
  "results": [
    {
      "uuid": "31a98072-ce07-49de-8c10-8eed8d84aae3",
      "title": "",
      "fullFile": "cypress\\e2e\\smoke\\regression\\notes.crud.cy.js",
      "file": "cypress\\e2e\\smoke\\regression\\notes.crud.cy.js",
      "beforeHooks": [],
      "afterHooks": [],
      "tests": [],
      "suites": [
        {
          "uuid": "08269646-4f49-4418-bc81-1586caa999e0",
          "title": "Regression - Signup and Login Flow",
          "fullFile": "",
          "file": "",
          "beforeHooks": [],
          "afterHooks": [],
          "tests": [
            {
              "title": "should sign up and log in with same credentials",
              "fullTitle": "Regression - Signup and Login Flow should sign up and log in with same credentials",
              "timedOut": null,
              "duration": 42575,
              "state": "failed",
              "speed": null,
              "pass": false,
              "fail": true,
              "pending": false,
              "context": null,
              "code": "// Sign Up\nsignupPage.visit();\nsignupPage.fillForm('Test User', email, password, password);\nsignupPage.submit();\ncy.wait(5000); // Wait for the signup process to complete\n// cy.contains('User account created successfully').should('be.visible');\n// Click \"Click here to login\"\nsignupPage.clickHereToLogin();\n// Login\nloginPage.fillForm(email, password);\nloginPage.submit();\ncy.wait(5000);\n// Verify login success\n// cy.get('[data-testid=\"home\"]').should('be.visible');\ncy.url().should('include', '/notes/app'); // Optional check\ncy.wait(5000);\nnotesPage.clickAddNoteButton();\nnotesPage.selectCategory('Personal'); //s value exists in the dropdown\nnotesPage.setCompleted(true);\nnotesPage.enterTitle(noteTitle);\nnotesPage.enterDescription(noteData.noteDescription); // \ncy.wait(10000); // Wait for the description to be set\nnotesPage.clickCreateNote();\n// notesPage.verifyNoteExists(noteTitle);\n// progress message\ncy.wait(15000);\n// cy.get('[data-testid=\"note-card-title\"]') .wait(15000).should('be.visible');\ncy.get('[data-testid=\"toggle-note-switch\"]').click();\ncy.wait(15000);\ncy.get('[data-testid=\"progress-info\"]').should('have.text', 'You have 0/1 notes completed in the all categories');\nnotesPage.clickViewButton();\nnotesPage.verifyNoteDetailUrl();\ncy.wait(10000);\nnotesPage.clickEditButton();\nnotesPage.updateCategory('Work'); //  another valid category\nnotesPage.checkCompleteCheckbox();\nnotesPage.clickSaveNote();\ncy.wait(15000);\nnotesPage.clickDeleteButton();\ncy.wait(15000);\nnotesPage.confirmDeleteInModal();\ncy.wait(15000);\n// Verify the note is no longer visible\nnotesPage.verifyNoteDeleted(noteTitle);\nnotesPage.verifyNoNotesMessageVisible();",
              "err": {
                "message": "AssertionError: Timed out retrying after 4000ms: Expected to find element: `[data-testid=\"login-view\"]`, but never found it.",
                "estack": "AssertionError: Timed out retrying after 4000ms: Expected to find element: `[data-testid=\"login-view\"]`, but never found it.\n    at SignupPage.clickHereToLogin (webpack://grepsr/./cypress/support/pageObjects/SignupPage.js:18:7)\n    at Context.eval (webpack://grepsr/./cypress/e2e/smoke/regression/notes.crud.cy.js:38:15)",
                "diff": null
              },
              "uuid": "eff9d377-b492-44b4-a801-a321e1f10b50",
              "parentUUID": "08269646-4f49-4418-bc81-1586caa999e0",
              "isHook": false,
              "skipped": false
            }
          ],
          "suites": [],
          "passes": [],
          "failures": [
            "eff9d377-b492-44b4-a801-a321e1f10b50"
          ],
          "pending": [],
          "skipped": [],
          "duration": 42575,
          "root": false,
          "rootEmpty": false,
          "_timeout": 2000
        }
      ],
      "passes": [],
      "failures": [],
      "pending": [],
      "skipped": [],
      "duration": 0,
      "root": true,
      "rootEmpty": true,
      "_timeout": 2000
    }
  ],
  "meta": {
    "mocha": {
      "version": "7.2.0"
    },
    "mochawesome": {
      "options": {
        "quiet": false,
        "reportFilename": "mochawesome",
        "saveHtml": true,
        "saveJson": true,
        "consoleReporter": "spec",
        "useInlineDiffs": false,
        "code": true
      },
      "version": "7.1.3"
    },
    "marge": {
      "options": {
        "reportDir": "cypress/reports",
        "overwrite": false,
        "html": true,
        "json": true
      },
      "version": "6.2.0"
    }
  }
}