{
  "stats": {
    "suites": 1,
    "tests": 1,
    "passes": 1,
    "pending": 0,
    "failures": 0,
    "start": "2025-07-10T06:04:19.824Z",
    "end": "2025-07-10T06:05:02.508Z",
    "duration": 42684,
    "testsRegistered": 1,
    "passPercent": 100,
    "pendingPercent": 0,
    "other": 0,
    "hasOther": false,
    "skipped": 0,
    "hasSkipped": false
  },
  "results": [
    {
      "uuid": "40a5f612-54fb-4281-ad31-f5d8a97f7e2e",
      "title": "",
      "fullFile": "cypress\\e2e\\smoke\\signup.cy.js",
      "file": "cypress\\e2e\\smoke\\signup.cy.js",
      "beforeHooks": [],
      "afterHooks": [],
      "tests": [],
      "suites": [
        {
          "uuid": "44bdaa34-87c8-4d9b-aba5-1828ac782b7d",
          "title": "Sign Up Flow - Smoke",
          "fullFile": "",
          "file": "",
          "beforeHooks": [],
          "afterHooks": [],
          "tests": [
            {
              "title": "User can sign up successfully",
              "fullTitle": "Sign Up Flow - Smoke User can sign up successfully",
              "timedOut": null,
              "duration": 42567,
              "state": "passed",
              "speed": "slow",
              "pass": true,
              "fail": false,
              "pending": false,
              "context": null,
              "code": "const timestamp = Date.now();\nconst email = `testuser+${timestamp}@example.com`;\nsignupPage.visit('/notes/ap');\nsignupPage.fillForm('Test User', email, 'password123', 'password123');\nsignupPage.submit();\ncy.wait(15000); // Wait for the signup process to complete\n// cy.get('b').should('be.visible'); \n// Click \"Click here to login\"\nsignupPage.clickHereToLogin();\n// Assertion to check login page is visible\ncy.get('[data-testid=\"login-email\"]').should('be.visible');",
              "err": {},
              "uuid": "9f7e2950-da36-4325-80ee-2cbcbf97593a",
              "parentUUID": "44bdaa34-87c8-4d9b-aba5-1828ac782b7d",
              "isHook": false,
              "skipped": false
            }
          ],
          "suites": [],
          "passes": [
            "9f7e2950-da36-4325-80ee-2cbcbf97593a"
          ],
          "failures": [],
          "pending": [],
          "skipped": [],
          "duration": 42567,
          "root": false,
          "rootEmpty": false,
          "_timeout": 2000
        }
      ],
      "passes": [],
      "failures": [],
      "pending": [],
      "skipped": [],
      "duration": 0,
      "root": true,
      "rootEmpty": true,
      "_timeout": 2000
    }
  ],
  "meta": {
    "mocha": {
      "version": "7.2.0"
    },
    "mochawesome": {
      "options": {
        "quiet": false,
        "reportFilename": "mochawesome",
        "saveHtml": true,
        "saveJson": true,
        "consoleReporter": "spec",
        "useInlineDiffs": false,
        "code": true
      },
      "version": "7.1.3"
    },
    "marge": {
      "options": {
        "reportDir": "cypress/reports",
        "overwrite": false,
        "html": true,
        "json": true
      },
      "version": "6.2.0"
    }
  }
}