{
  "stats": {
    "suites": 1,
    "tests": 1,
    "passes": 1,
    "pending": 0,
    "failures": 0,
    "start": "2025-07-10T06:05:05.225Z",
    "end": "2025-07-10T06:09:18.581Z",
    "duration": 253356,
    "testsRegistered": 1,
    "passPercent": 100,
    "pendingPercent": 0,
    "other": 0,
    "hasOther": false,
    "skipped": 0,
    "hasSkipped": false
  },
  "results": [
    {
      "uuid": "01b412e9-6a73-4ca1-8db8-9d4a3813fa19",
      "title": "",
      "fullFile": "cypress\\e2e\\smoke\\regression\\notes.crud.cy.js",
      "file": "cypress\\e2e\\smoke\\regression\\notes.crud.cy.js",
      "beforeHooks": [],
      "afterHooks": [],
      "tests": [],
      "suites": [
        {
          "uuid": "c36ec433-374a-481d-a06b-79c3627a49e2",
          "title": "Regression - Signup and Login Flow",
          "fullFile": "",
          "file": "",
          "beforeHooks": [],
          "afterHooks": [],
          "tests": [
            {
              "title": "should sign up and log in with same credentials",
              "fullTitle": "Regression - Signup and Login Flow should sign up and log in with same credentials",
              "timedOut": null,
              "duration": 253295,
              "state": "passed",
              "speed": "slow",
              "pass": true,
              "fail": false,
              "pending": false,
              "context": null,
              "code": "// Sign Up\nsignupPage.visit();\nsignupPage.fillForm('Test User', email, password, password);\nsignupPage.submit();\ncy.wait(5000); // Wait for the signup process to complete\n// cy.contains('User account created successfully').should('be.visible');\n// Click \"Click here to login\"\nsignupPage.clickHereToLogin();\n// Login\nloginPage.fillForm(email, password);\nloginPage.submit();\ncy.wait(5000);\n// Verify login success\n// cy.get('[data-testid=\"home\"]').should('be.visible');\ncy.url().should('include', '/notes/app'); // Optional check\ncy.wait(5000);\nnotesPage.clickAddNoteButton();\nnotesPage.selectCategory('Personal'); //s value exists in the dropdown\nnotesPage.setCompleted(true);\nnotesPage.enterTitle(noteTitle);\nnotesPage.enterDescription(noteData.noteDescription); // \ncy.wait(10000); // Wait for the description to be set\nnotesPage.clickCreateNote();\n// notesPage.verifyNoteExists(noteTitle);\n// progress message\ncy.wait(15000);\n// cy.get('[data-testid=\"note-card-title\"]') .wait(15000).should('be.visible');\ncy.wait(15000).get('[data-testid=\"toggle-note-switch\"]').click();\ncy.wait(15000).get('[data-testid=\"progress-info\"]').should('have.text', 'You have 0/1 notes completed in the all categories');\nnotesPage.clickViewButton();\nnotesPage.verifyNoteDetailUrl();\nnotesPage.clickEditButton();\nnotesPage.updateCategory('Work'); //  another valid category\nnotesPage.checkCompleteCheckbox();\nnotesPage.clickSaveNote();\nnotesPage.clickDeleteButton();\nnotesPage.confirmDeleteInModal();\n// Verify the note is no longer visible\nnotesPage.verifyNoteDeleted(noteTitle);\nnotesPage.verifyNoNotesMessageVisible();",
              "err": {},
              "uuid": "5f44900d-075a-4a8c-874a-3e1718dde910",
              "parentUUID": "c36ec433-374a-481d-a06b-79c3627a49e2",
              "isHook": false,
              "skipped": false
            }
          ],
          "suites": [],
          "passes": [
            "5f44900d-075a-4a8c-874a-3e1718dde910"
          ],
          "failures": [],
          "pending": [],
          "skipped": [],
          "duration": 253295,
          "root": false,
          "rootEmpty": false,
          "_timeout": 2000
        }
      ],
      "passes": [],
      "failures": [],
      "pending": [],
      "skipped": [],
      "duration": 0,
      "root": true,
      "rootEmpty": true,
      "_timeout": 2000
    }
  ],
  "meta": {
    "mocha": {
      "version": "7.2.0"
    },
    "mochawesome": {
      "options": {
        "quiet": false,
        "reportFilename": "mochawesome",
        "saveHtml": true,
        "saveJson": true,
        "consoleReporter": "spec",
        "useInlineDiffs": false,
        "code": true
      },
      "version": "7.1.3"
    },
    "marge": {
      "options": {
        "reportDir": "cypress/reports",
        "overwrite": false,
        "html": true,
        "json": true
      },
      "version": "6.2.0"
    }
  }
}