{
  "stats": {
    "suites": 1,
    "tests": 1,
    "passes": 1,
    "pending": 0,
    "failures": 0,
    "start": "2025-07-09T15:22:04.860Z",
    "end": "2025-07-09T15:22:43.186Z",
    "duration": 38326,
    "testsRegistered": 1,
    "passPercent": 100,
    "pendingPercent": 0,
    "other": 0,
    "hasOther": false,
    "skipped": 0,
    "hasSkipped": false
  },
  "results": [
    {
      "uuid": "c89d4c45-6ef0-4ff3-a7c4-5921c60fc18c",
      "title": "",
      "fullFile": "cypress\\e2e\\smoke\\login.cy.js",
      "file": "cypress\\e2e\\smoke\\login.cy.js",
      "beforeHooks": [],
      "afterHooks": [],
      "tests": [],
      "suites": [
        {
          "uuid": "22a4b3e9-47b2-4770-9ee9-7b05fd731cfd",
          "title": "Login Flow - Smoke",
          "fullFile": "",
          "file": "",
          "beforeHooks": [],
          "afterHooks": [],
          "tests": [
            {
              "title": "User can log in successfully",
              "fullTitle": "Login Flow - Smoke User can log in successfully",
              "timedOut": null,
              "duration": 38215,
              "state": "passed",
              "speed": "slow",
              "pass": true,
              "fail": false,
              "pending": false,
              "context": null,
              "code": "const email = 'test34@yopmail.com';\nconst password = 'password123';\nloginPage.visit();\nloginPage.fillForm(email, password);\nloginPage.submit();\ncy.wait(15000);\ncy.get('[data-testid=\"home\"]').should('be.visible');",
              "err": {},
              "uuid": "8d4e6880-c6d1-4ab0-88d9-8eaf0c7e09c9",
              "parentUUID": "22a4b3e9-47b2-4770-9ee9-7b05fd731cfd",
              "isHook": false,
              "skipped": false
            }
          ],
          "suites": [],
          "passes": [
            "8d4e6880-c6d1-4ab0-88d9-8eaf0c7e09c9"
          ],
          "failures": [],
          "pending": [],
          "skipped": [],
          "duration": 38215,
          "root": false,
          "rootEmpty": false,
          "_timeout": 2000
        }
      ],
      "passes": [],
      "failures": [],
      "pending": [],
      "skipped": [],
      "duration": 0,
      "root": true,
      "rootEmpty": true,
      "_timeout": 2000
    }
  ],
  "meta": {
    "mocha": {
      "version": "7.2.0"
    },
    "mochawesome": {
      "options": {
        "quiet": false,
        "reportFilename": "mochawesome",
        "saveHtml": true,
        "saveJson": true,
        "consoleReporter": "spec",
        "useInlineDiffs": false,
        "code": true
      },
      "version": "7.1.3"
    },
    "marge": {
      "options": {
        "reportDir": "cypress/reports",
        "overwrite": false,
        "html": true,
        "json": true
      },
      "version": "6.2.0"
    }
  }
}